<?xml version="1.0" encoding="UTF-8"?>
<!-- Generated by org.testng.reporters.JUnitXMLReporter -->
<testsuite hostname="sundarmala" ignored="2" name="Default test(failed)" tests="1" failures="1" timestamp="12 Oct 2021 16:26:42 GMT" time="0.078" errors="0">
  <testcase name="tc2" time="0.015" classname="org.test.TestngRerun">
    <failure type="java.lang.AssertionError" message="expected [true] but found [false]">
      <![CDATA[java.lang.AssertionError: expected [true] but found [false]
at org.test.TestngRerun.tc2(TestngRerun.java:14)
... Removed 29 stack frames]]>
    </failure>
  </testcase> <!-- tc2 -->
  <testcase name="tc3" time="0.0" classname="org.test.TestngRerun">
    <ignored/>
  </testcase> <!-- tc3 -->
  <testcase name="tc1" time="0.0" classname="org.test.TestngRerun">
    <ignored/>
  </testcase> <!-- tc1 -->
</testsuite> <!-- Default test(failed) -->
