<?xml version="1.0" encoding="UTF-8"?>
<!-- Generated by org.testng.reporters.JUnitXMLReporter -->
<testsuite hostname="sundarmala" ignored="0" name="Test" tests="6" failures="1" timestamp="12 Oct 2021 16:41:56 GMT" time="0.116" errors="0">
  <testcase name="tc1" time="0.015" classname="org.test.TestngRerun"/>
  <testcase name="tc2" time="0.0" classname="org.test.TestngRerun">
    <skipped/>
  </testcase> <!-- tc2 -->
  <testcase name="tc2" time="0.0" classname="org.test.TestngRerun">
    <skipped/>
  </testcase> <!-- tc2 -->
  <testcase name="tc2" time="0.0" classname="org.test.TestngRerun">
    <skipped/>
  </testcase> <!-- tc2 -->
  <testcase name="tc2" time="0.0" classname="org.test.TestngRerun">
    <failure type="java.lang.AssertionError" message="expected [true] but found [false]">
      <![CDATA[java.lang.AssertionError: expected [true] but found [false]
at org.test.TestngRerun.tc2(TestngRerun.java:14)
... Removed 29 stack frames]]>
    </failure>
  </testcase> <!-- tc2 -->
  <testcase name="tc3" time="0.0" classname="org.test.TestngRerun"/>
</testsuite> <!-- Test -->
